<?xml version="1.0" encoding="UTF-8"?>
<testsuite xmlns:xsi="http://www.w3.org/2001/XMLSchema-instance" xsi:noNamespaceSchemaLocation="https://maven.apache.org/surefire/maven-surefire-plugin/xsd/surefire-test-report-3.0.xsd" version="3.0" name="com.bounteous.ecom.EcommerceManagerTests" time="1.306" tests="26" errors="0" skipped="0" failures="0">
  <properties>
[...]
</properties>
  <testcase name="updateProductStock_ShouldNotThrow" classname="com.bounteous.ecom.EcommerceManagerTests" time="0.159">
    <system-out><![CDATA[Updated stock for product 8 to 100
]]></system-out>
  </testcase>
  <testcase name="calculateCartTotal_WithItems_ShouldReturnCorrectTotal" classname="com.bounteous.ecom.EcommerceManagerTests" time="0.112">
    <system-out><![CDATA[Customer Cart Test created successfully with ID 524
Cart created successfully with ID 327 for customer 524
Added 2 Laptop Computer to cart
]]></system-out>
  </testcase>
  <testcase name="cartWorkflow_ShouldDemonstrateMultipleSOLIDViolations" classname="com.bounteous.ecom.EcommerceManagerTests" time="0.175">
    <system-out><![CDATA[Customer Workflow Test created successfully with ID 525
Cart created successfully with ID 328 for customer 525
Added 2 Laptop Computer to cart
=== INVOICE INV-20251013-0001 ===
Amount: $2817.9683999999997
Tax: $207.9984
Total: $2817.9683999999997
Due Date: 2025-11-12
=== END INVOICE ===
Invoice INV-20251013-0001 generated for order ORD-20251013-0001
Sending confirmation email to workflow05dca0b7@example.com
Subject: Order Confirmation - ORD-20251013-0001
Body: Your order has been processed. Total: $2817.9683999999997
[LOG] Order processed: ORD-20251013-0001, Customer: 525, Total: $2817.9683999999997
Order ORD-20251013-0001 processed successfully!
]]></system-out>
  </testcase>
  <testcase name="addToCart_WithInvalidCustomer_ShouldNotThrow" classname="com.bounteous.ecom.EcommerceManagerTests" time="0.028">
    <system-out><![CDATA[Cannot add to cart: Customer 99999 does not exist!
]]></system-out>
  </testcase>
  <testcase name="addToCart_WithZeroQuantity_ShouldNotThrow" classname="com.bounteous.ecom.EcommerceManagerTests" time="0.073">
    <system-out><![CDATA[Customer Test User created successfully with ID 526
Cart created successfully with ID 329 for customer 526
Added 0 Laptop Computer to cart
]]></system-out>
  </testcase>
  <testcase name="createCustomer_WithNullFirstName_ShouldThrowException" classname="com.bounteous.ecom.EcommerceManagerTests" time="0.022"/>
  <testcase name="createCart_WithInvalidCustomerId_ShouldThrowException" classname="com.bounteous.ecom.EcommerceManagerTests" time="0.029"/>
  <testcase name="createCustomer_ShouldReturnCustomerId" classname="com.bounteous.ecom.EcommerceManagerTests" time="0.029">
    <system-out><![CDATA[Customer John Doe created successfully with ID 528
]]></system-out>
  </testcase>
  <testcase name="createCustomer_WithDuplicateEmail_ShouldThrowException" classname="com.bounteous.ecom.EcommerceManagerTests" time="0.029">
    <system-out><![CDATA[Customer John Doe created successfully with ID 529
]]></system-out>
  </testcase>
  <testcase name="createCart_ShouldReturnCartId" classname="com.bounteous.ecom.EcommerceManagerTests" time="0.045">
    <system-out><![CDATA[Customer Jane Smith created successfully with ID 531
Cart created successfully with ID 331 for customer 531
]]></system-out>
  </testcase>
  <testcase name="updateCustomer_ShouldUpdateCustomerData" classname="com.bounteous.ecom.EcommerceManagerTests" time="0.036">
    <system-out><![CDATA[Customer Original Name created successfully with ID 532
Customer 532 updated successfully
]]></system-out>
  </testcase>
  <testcase name="invoice_ShouldViolateOpenClosedPrinciple" classname="com.bounteous.ecom.EcommerceManagerTests" time="0.01"/>
  <testcase name="addToCart_WithValidCustomerAndProduct_ShouldSucceed" classname="com.bounteous.ecom.EcommerceManagerTests" time="0.095">
    <system-out><![CDATA[Customer Test User created successfully with ID 533
Cart created successfully with ID 332 for customer 533
Added 2 Laptop Computer to cart
]]></system-out>
  </testcase>
  <testcase name="product_ShouldViolateOpenClosedPrinciple" classname="com.bounteous.ecom.EcommerceManagerTests" time="0.009"/>
  <testcase name="getProducts_ShouldReturnListOfProducts" classname="com.bounteous.ecom.EcommerceManagerTests" time="0.018"/>
  <testcase name="cart_ShouldViolateOpenClosedPrinciple" classname="com.bounteous.ecom.EcommerceManagerTests" time="0.011"/>
  <testcase name="order_ShouldViolateOpenClosedPrinciple" classname="com.bounteous.ecom.EcommerceManagerTests" time="0.011"/>
  <testcase name="processOrder_WithItems_ShouldCreateOrderAndInvoice" classname="com.bounteous.ecom.EcommerceManagerTests" time="0.15">
    <system-out><![CDATA[Customer Order Process created successfully with ID 534
Cart created successfully with ID 333 for customer 534
Added 1 Laptop Computer to cart
=== INVOICE INV-20251013-0001 ===
Amount: $1413.9792
Tax: $103.9992
Total: $1413.9792
Due Date: 2025-11-12
=== END INVOICE ===
Invoice INV-20251013-0001 generated for order ORD-20251013-0001
Sending confirmation email to test83f564e2@example.com
Subject: Order Confirmation - ORD-20251013-0001
Body: Your order has been processed. Total: $1413.9792
[LOG] Order processed: ORD-20251013-0001, Customer: 534, Total: $1413.9792
Order ORD-20251013-0001 processed successfully!
]]></system-out>
  </testcase>
  <testcase name="createCustomer_WithNullLastName_ShouldThrowException" classname="com.bounteous.ecom.EcommerceManagerTests" time="0.018"/>
  <testcase name="deleteCustomer_ShouldRemoveCustomer" classname="com.bounteous.ecom.EcommerceManagerTests" time="0.044">
    <system-out><![CDATA[Customer Delete Test created successfully with ID 536
Customer 536 deleted successfully
]]></system-out>
  </testcase>
  <testcase name="addToCart_WithInvalidProductId_ShouldNotThrow" classname="com.bounteous.ecom.EcommerceManagerTests" time="0.053">
    <system-out><![CDATA[Customer Test User created successfully with ID 537
Cart created successfully with ID 334 for customer 537
Product 99999 not found!
]]></system-out>
  </testcase>
  <testcase name="processOrder_WithEmptyCart_ShouldNotThrow" classname="com.bounteous.ecom.EcommerceManagerTests" time="0.047">
    <system-out><![CDATA[Customer Order Test created successfully with ID 538
Cart created successfully with ID 335 for customer 538
Cart is empty or does not exist!
]]></system-out>
  </testcase>
  <testcase name="calculateCartTotal_WithEmptyCart_ShouldReturnZero" classname="com.bounteous.ecom.EcommerceManagerTests" time="0.046">
    <system-out><![CDATA[Customer Empty Cart created successfully with ID 539
Cart created successfully with ID 336 for customer 539
]]></system-out>
  </testcase>
  <testcase name="generateSalesReport_ShouldNotThrow" classname="com.bounteous.ecom.EcommerceManagerTests" time="0.011">
    <system-out><![CDATA[=== SALES REPORT ===
Total Orders: 0
Total Sales: $0.0
Average Order Value: $0.0
]]></system-out>
  </testcase>
  <testcase name="createCustomer_WithNullEmail_ShouldThrowException" classname="com.bounteous.ecom.EcommerceManagerTests" time="0.019"/>
  <testcase name="customer_ShouldViolateOpenClosedPrinciple" classname="com.bounteous.ecom.EcommerceManagerTests" time="0.011"/>
</testsuite>